<?xml version="1.0" encoding="UTF-8"?>
<!-- Generated by org.testng.reporters.JUnitReportReporter -->
<testsuite hostname="Tanhas-MacBook-Pro.local" name="ironman.runners.RunnerClass" tests="2" failures="0" timestamp="5 Mar 2024 18:43:31 GMT" time="247.007" errors="0">
  <testcase name="feature" time="233.337" classname="ironman.runners.RunnerClass"/>
  <testcase name="feature" time="13.670" classname="ironman.runners.RunnerClass"/>
</testsuite> <!-- ironman.runners.RunnerClass -->
